\BOOKMARK [0][-]{chapter.1}{\376\377\000W\000p\000r\000o\000w\000a\000d\000z\000e\000n\000i\000e}{}% 1
\BOOKMARK [0][-]{chapter.2}{\376\377\000O\000p\000i\000s\000\040\000i\000\040\000b\000u\000d\000o\000w\000a\000\040\000a\000p\000l\000i\000k\000a\000c\000j\000i}{}% 2
\BOOKMARK [1][-]{section.2.1}{\376\377\000K\000l\000i\000e\000n\000c\000i}{chapter.2}% 3
\BOOKMARK [1][-]{section.2.2}{\376\377\000P\000r\000o\000d\000u\000k\000t\000y\000\040\000i\000\040\000s\000p\000e\000c\000y\000f\000i\000k\000a\000c\000j\000e}{chapter.2}% 4
\BOOKMARK [1][-]{section.2.3}{\376\377\000Z\000l\000e\000c\000e\000n\000i\000a\000\040\000p\000r\000o\000d\000u\000k\000c\000y\000j\000n\000e\000\040\000i\000\040\000r\000a\000p\000o\000r\000t\000y\000\040\000p\000o\000m\000i\000a\000r\000o\000w\000e}{chapter.2}% 5
\BOOKMARK [1][-]{section.2.4}{\376\377\000U\001\174\000y\000t\000k\000o\000w\000n\000i\000c\000y}{chapter.2}% 6
\BOOKMARK [2][-]{subsection.2.4.1}{\376\377\000G\000r\000u\000p\000y\000\040\000u\000p\000r\000a\000w\000n\000i\000e\001\104\000\040\000u\001\174\000y\000t\000k\000o\000w\000n\000i\000k\000\363\000w}{section.2.4}% 7
\BOOKMARK [0][-]{chapter.3}{\376\377\000S\000t\000o\000s\000\040\000t\000e\000c\000h\000n\000o\000l\000o\000g\000i\000c\000z\000n\000y\000\040\000i\000\040\000n\000a\000r\000z\001\031\000d\000z\000i\000a\000\040\000u\001\174\000y\000t\000e\000\040\000w\000\040\000p\000r\000o\000j\000e\000k\000c\000i\000e}{}% 8
\BOOKMARK [0][-]{chapter.4}{\376\377\000A\000r\000c\000h\000i\000t\000e\000k\000t\000u\000r\000a\000\040\000a\000p\000l\000i\000k\000a\000c\000j\000i}{}% 9
\BOOKMARK [0][-]{chapter.5}{\376\377\000B\000a\000z\000a\000\040\000d\000a\000n\000y\000c\000h}{}% 10
\BOOKMARK [0][-]{chapter.6}{\376\377\000T\000e\000s\000t\000o\000w\000a\000n\000i\000e\000\040\000i\000\040\000z\000a\000p\000e\000w\000n\000i\000e\000n\000i\000e\000\040\000j\000a\000k\000o\001\133\000c\000i\000\040\000a\000p\000l\000i\000k\000a\000c\000j\000i}{}% 11
\BOOKMARK [1][-]{section.6.1}{\376\377\000D\000e\000f\000i\000n\000i\000c\000j\000e}{chapter.6}% 12
\BOOKMARK [1][-]{section.6.2}{\376\377\000A\000n\000a\000l\000i\000z\000a\000\040\000p\000o\000t\000r\000z\000e\000b\000\040\000z\000a\000p\000e\000w\000n\000i\000e\000n\000i\000a\000\040\000j\000a\000k\000o\001\133\000c\000i\000\040\000p\000r\000o\000j\000e\000k\000t\000u}{chapter.6}% 13
\BOOKMARK [1][-]{section.6.3}{\376\377\000P\000l\000a\000n\000o\000w\000a\000n\000i\000e\000\040\000i\000\040\000p\000o\000d\000e\000j\001\133\000c\000i\000e\000\040\000t\000e\000s\000t\000o\000w\000e}{chapter.6}% 14
\BOOKMARK [1][-]{section.6.4}{\376\377\000P\000r\000o\000j\000e\000k\000t\000o\000w\000a\000n\000i\000e\000\040\000t\000e\000s\000t\000\363\000w}{chapter.6}% 15
\BOOKMARK [2][-]{subsection.6.4.1}{\376\377\000C\000z\001\031\001\133\001\007\000\040\000s\000e\000r\000w\000e\000r\000o\000w\000a}{section.6.4}% 16
\BOOKMARK [2][-]{subsection.6.4.2}{\376\377\000I\000n\000t\000e\000r\000f\000e\000j\000s\000\040\000u\001\174\000y\000t\000k\000o\000w\000n\000i\000k\000a}{section.6.4}% 17
\BOOKMARK [2][-]{subsection.6.4.3}{\376\377\000P\000r\000z\000y\000k\001\102\000a\000d\000o\000w\000e\000\040\000p\000r\000z\000y\000p\000a\000d\000k\000i\000\040\000u\001\174\000y\000c\000i\000a}{section.6.4}% 18
\BOOKMARK [1][-]{section.6.5}{\376\377\000I\000m\000p\000l\000e\000m\000e\000n\000t\000a\000c\000j\000a\000\040\000t\000e\000s\000t\000\363\000w}{chapter.6}% 19
\BOOKMARK [2][-]{subsection.6.5.1}{\376\377\000C\000z\001\031\001\133\001\007\000\040\000s\000e\000r\000w\000e\000r\000o\000w\000a}{section.6.5}% 20
\BOOKMARK [2][-]{subsection.6.5.2}{\376\377\000I\000n\000t\000e\000r\000f\000e\000j\000s\000\040\000u\001\174\000y\000t\000k\000o\000w\000n\000i\000k\000a}{section.6.5}% 21
\BOOKMARK [1][-]{section.6.6}{\376\377\000W\000y\000k\000o\000n\000y\000w\000a\000n\000i\000e\000\040\000t\000e\000s\000t\000\363\000w}{chapter.6}% 22
\BOOKMARK [2][-]{subsection.6.6.1}{\376\377\000C\000z\001\031\001\133\001\007\000\040\000s\000e\000r\000w\000e\000r\000o\000w\000a}{section.6.6}% 23
\BOOKMARK [2][-]{subsection.6.6.2}{\376\377\000I\000n\000t\000e\000r\000f\000e\000j\000s\000\040\000u\001\174\000y\000t\000k\000o\000w\000n\000i\000k\000a}{section.6.6}% 24
\BOOKMARK [0][-]{chapter.7}{\376\377\000P\000r\000z\000y\000s\000z\001\102\000o\001\133\001\007\000\040\000p\000r\000o\000j\000e\000k\000t\000u\000\040\000p\000o\000d\000\040\000k\001\005\000t\000e\000m\000\040\000r\000o\000z\000w\000o\000j\000u\000\040\000n\000o\000w\000y\000c\000h\000\040\000f\000u\000n\000k\000c\000j\000o\000n\000a\000l\000n\000o\001\133\000c\000i}{}% 25
\BOOKMARK [0][-]{chapter.8}{\376\377\000P\000o\000d\000s\000u\000m\000o\000w\000a\000n\000i\000e}{}% 26
\BOOKMARK [0][-]{chapter*.2}{\376\377\000B\000i\000b\000l\000i\000o\000g\000r\000a\000f\000i\000a}{}% 27
